[2023-04-13T18:55:21.951] [INFO] default - running benchmarks..
[2023-04-13T18:55:22.012] [INFO] default - Servidor en modo fork corriendo en el proceso 6760
[2023-04-13T18:56:01.756] [INFO] default - running benchmarks..
[2023-04-13T18:56:01.880] [INFO] default - Servidor en modo fork corriendo en el proceso 41232
[2023-04-13T18:56:14.784] [INFO] default - running benchmarks..
[2023-04-13T18:56:14.843] [INFO] default - Servidor en modo fork corriendo en el proceso 30944 en puerto 8081
[2023-04-13T18:57:42.271] [INFO] default - Servidor en modo fork corriendo en el proceso 34532 en puerto 8081
[2023-04-13T18:58:36.544] [INFO] default - Servidor en modo fork corriendo en el proceso 41428 en puerto 8081
[2023-04-15T10:50:53.091] [INFO] default - Servidor en modo fork corriendo en el proceso 43116 en puerto 8081
[2023-04-15T10:56:06.939] [INFO] default - Servidor en modo fork corriendo en el proceso 26856 en puerto 8081
[2023-04-15T11:29:56.439] [INFO] default - Servidor en modo fork corriendo en el proceso 40824 en puerto 8081
[2023-04-15T11:33:27.592] [ERROR] default - ocurrio un error:  Error: listen EACCES: permission denied main.js
    at Server.setupListenHandle [as _listen2] (node:net:1355:21)
    at listenInCluster (node:net:1420:12)
    at Server.listen (node:net:1519:5)
    at Object.<anonymous> (C:\Users\Santi\Dropbox\Mi PC (DESKTOP-FUL7H7I)\Documents\Personal\Coder-house\backend\desafios\desafiosEntregables2\desafioEntregableDieciseis\main.js:108:14)
    at Module._compile (node:internal/modules/cjs/loader:1105:14)
    at Object.Module._extensions..js (node:internal/modules/cjs/loader:1159:10)
    at Module.load (node:internal/modules/cjs/loader:981:32)
    at Function.Module._load (node:internal/modules/cjs/loader:822:12)
    at Function.executeUserEntryPoint [as runMain] (node:internal/modules/run_main:77:12)
    at node:internal/main/run_main_module:17:47 {
  code: 'EACCES',
  errno: -4092,
  syscall: 'listen',
  address: 'main.js',
  port: -1
}
[2023-04-17T17:59:21.257] [INFO] default - Servidor en modo fork corriendo en el proceso 48088 en puerto 8081
[2023-04-17T18:03:51.230] [INFO] default - Servidor en modo fork corriendo en el proceso 47184 en puerto 8081
[2023-04-17T18:20:41.779] [INFO] default - Servidor en modo fork corriendo en el proceso 47808 en puerto 8081
[2023-04-17T18:21:24.684] [INFO] default - Servidor en modo fork corriendo en el proceso 29612 en puerto 8081
[2023-04-17T18:22:29.543] [INFO] default - Servidor en modo fork corriendo en el proceso 31636 en puerto 8081
[2023-04-17T18:23:09.805] [INFO] default - Servidor en modo fork corriendo en el proceso 42664 en puerto 8081
[2023-04-17T18:29:50.043] [INFO] default - Servidor en modo fork corriendo en el proceso 33192 en puerto 8081
[2023-04-17T18:32:15.168] [INFO] default - Servidor en modo fork corriendo en el proceso 40912 en puerto 8080
[2023-04-17T18:34:25.928] [INFO] default - Servidor en modo fork corriendo en el proceso 47636 en puerto 8080
[2023-04-17T18:35:22.448] [INFO] default - Servidor en modo fork corriendo en el proceso 7900 en puerto 8080
[2023-04-17T18:35:37.545] [INFO] default - Servidor en modo fork corriendo en el proceso 46072 en puerto 8080
[2023-04-17T18:35:57.276] [INFO] default - Servidor en modo fork corriendo en el proceso 46068 en puerto 8080
[2023-04-17T18:36:32.445] [INFO] default - Servidor en modo fork corriendo en el proceso 31708 en puerto 8080
[2023-04-17T18:36:56.449] [INFO] default - Servidor en modo fork corriendo en el proceso 46516 en puerto 8080
[2023-04-17T18:39:47.291] [INFO] default - Servidor en modo fork corriendo en el proceso 41952 en puerto 8080
[2023-04-17T18:42:51.004] [INFO] default - Servidor en modo fork corriendo en el proceso 25656 en puerto 8080
[2023-04-17T18:43:07.057] [ERROR] default - Error: Error: Cannot init client. Please provide correct options
[2023-04-17T18:44:54.023] [INFO] default - Servidor en modo fork corriendo en el proceso 42872 en puerto 8080
[2023-04-17T18:47:07.098] [INFO] default - Servidor en modo fork corriendo en el proceso 41736 en puerto 8080
[2023-04-17T18:47:50.969] [INFO] default - Servidor en modo fork corriendo en el proceso 46344 en puerto 8080
[2023-04-17T18:48:18.070] [ERROR] default - Error: Error: Cannot init client. Please provide correct options
[2023-04-17T18:50:14.378] [INFO] default - Servidor en modo fork corriendo en el proceso 41544 en puerto 8080
[2023-04-17T18:50:54.093] [INFO] default - Servidor en modo fork corriendo en el proceso 29176 en puerto 8080
[2023-04-17T18:52:03.152] [INFO] default - Servidor en modo fork corriendo en el proceso 46652 en puerto 8080
[2023-04-17T18:52:53.921] [ERROR] default - Error: Error: Cannot init client. Please provide correct options
[2023-04-17T18:57:38.440] [INFO] default - Servidor en modo fork corriendo en el proceso 47340 en puerto 8080
[2023-04-17T18:58:17.989] [ERROR] default - Error: Error: Cannot init client. Please provide correct options
[2023-04-17T19:02:44.681] [INFO] default - Servidor en modo fork corriendo en el proceso 47696 en puerto 8080
[2023-04-17T19:03:14.602] [ERROR] default - Error: Error: Cannot init client. Please provide correct options
[2023-04-17T19:03:45.564] [INFO] default - Servidor en modo fork corriendo en el proceso 28028 en puerto 8080
[2023-04-17T19:04:02.108] [ERROR] default - Error: Error: Cannot init client. Please provide correct options
[2023-04-17T19:05:48.592] [INFO] default - Servidor en modo fork corriendo en el proceso 47988 en puerto 8080
[2023-04-17T19:06:01.847] [ERROR] default - Error: Error: Cannot init client. Please provide correct options
[2023-04-17T19:08:56.021] [INFO] default - Servidor en modo fork corriendo en el proceso 46452 en puerto 8080
[2023-04-17T19:10:51.708] [ERROR] default - Error: Error: Cannot init client. Please provide correct options
[2023-04-17T19:59:55.799] [INFO] default - Servidor en modo fork corriendo en el proceso 10168 en puerto 8080
[2023-04-17T20:01:03.010] [INFO] default - MongoAtlasDB Connected
[2023-04-17T20:01:13.027] [ERROR] default - Error: MongooseError: Operation `products.find()` buffering timed out after 10000ms
[2023-04-17T20:02:50.941] [INFO] default - Servidor en modo fork corriendo en el proceso 45352 en puerto 8080
[2023-04-17T20:03:49.738] [INFO] default - MongoAtlasDB Connected
[2023-04-17T20:03:59.759] [ERROR] default - Error: MongooseError: Operation `products.find()` buffering timed out after 10000ms
[2023-04-17T20:04:59.974] [INFO] default - Servidor en modo fork corriendo en el proceso 44264 en puerto 8080
[2023-04-17T20:05:11.640] [INFO] default - MongoAtlasDB Connected
[2023-04-17T20:05:11.655] [ERROR] default - Error: CastError: Cast to ObjectId failed for value "session" (type string) at path "_id" for model "Product"
[2023-04-17T20:12:42.027] [INFO] default - MongoAtlasDB Connected
[2023-04-17T20:12:42.074] [ERROR] default - Error: CastError: Cast to ObjectId failed for value "productos-test" (type string) at path "_id" for model "Product"
[2023-04-17T20:14:56.540] [INFO] default - Servidor en modo fork corriendo en el proceso 46184 en puerto 8080
[2023-04-17T20:16:47.958] [INFO] default - Servidor en modo fork corriendo en el proceso 23952 en puerto 8080
[2023-04-17T20:17:23.631] [INFO] default - MongoAtlasDB Connected
[2023-04-18T22:46:59.519] [INFO] default - Servidor en modo fork corriendo en el proceso 6636 en puerto 8080
[2023-04-18T22:48:04.734] [INFO] default - Servidor en modo fork corriendo en el proceso 3064 en puerto 8080
[2023-04-18T22:49:44.884] [INFO] default - Servidor en modo fork corriendo en el proceso 9052 en puerto 8080
[2023-04-18T22:50:10.592] [INFO] default - Servidor en modo fork corriendo en el proceso 5444 en puerto 8080
[2023-04-18T22:54:29.276] [INFO] default - Servidor en modo fork corriendo en el proceso 10664 en puerto 8080
[2023-04-18T23:13:40.835] [INFO] default - Servidor en modo fork corriendo en el proceso 1816 en puerto 8080
[2023-04-18T23:14:01.916] [INFO] default - Servidor en modo fork corriendo en el proceso 5124 en puerto 8080
[2023-04-18T23:38:49.045] [INFO] default - Servidor en modo fork corriendo en el proceso 15552 en puerto 8080
[2023-04-19T19:11:38.170] [INFO] default - Servidor en modo fork corriendo en el proceso 18012 en puerto 8080
[2023-04-19T19:13:04.297] [INFO] default - Servidor en modo fork corriendo en el proceso 15912 en puerto 8080
[2023-04-19T19:15:48.214] [INFO] default - Servidor en modo fork corriendo en el proceso 18048 en puerto 8080
[2023-04-19T19:16:45.502] [INFO] default - Servidor en modo fork corriendo en el proceso 14472 en puerto 8080
[2023-04-19T19:17:40.162] [INFO] default - Servidor en modo fork corriendo en el proceso 11324 en puerto 8080
[2023-04-19T19:18:20.955] [INFO] default - Servidor en modo fork corriendo en el proceso 15084 en puerto 8080
[2023-04-19T19:18:51.950] [INFO] default - Servidor en modo fork corriendo en el proceso 9048 en puerto 8080
[2023-04-19T19:19:28.229] [INFO] default - Servidor en modo fork corriendo en el proceso 4696 en puerto 8080
[2023-04-19T19:21:08.492] [INFO] default - Servidor en modo fork corriendo en el proceso 14648 en puerto 8080
[2023-04-19T19:24:04.562] [INFO] default - Servidor en modo fork corriendo en el proceso 14664 en puerto 8080
[2023-04-19T19:25:34.028] [INFO] default - Servidor en modo fork corriendo en el proceso 16340 en puerto 8080
[2023-04-19T19:25:38.705] [INFO] default - MongoAtlasDB Connected
[2023-04-19T19:26:48.491] [INFO] default - Servidor en modo fork corriendo en el proceso 1936 en puerto 8080
[2023-04-19T19:27:17.936] [INFO] default - Servidor en modo fork corriendo en el proceso 15860 en puerto 8080
[2023-04-19T19:27:33.475] [INFO] default - Servidor en modo fork corriendo en el proceso 4456 en puerto 8080
[2023-04-19T19:29:02.904] [INFO] default - Servidor en modo fork corriendo en el proceso 16480 en puerto 8080
[2023-04-19T19:31:08.080] [INFO] default - Servidor en modo fork corriendo en el proceso 17644 en puerto 8080
[2023-04-19T19:31:49.554] [INFO] default - Servidor en modo fork corriendo en el proceso 12680 en puerto 8080
[2023-04-19T19:32:18.305] [INFO] default - Servidor en modo fork corriendo en el proceso 9768 en puerto 8080
[2023-04-19T19:32:32.250] [INFO] default - Servidor en modo fork corriendo en el proceso 18348 en puerto 8080
[2023-04-19T19:33:08.168] [INFO] default - Servidor en modo fork corriendo en el proceso 1448 en puerto 8080
[2023-04-19T19:33:59.568] [INFO] default - Servidor en modo fork corriendo en el proceso 4532 en puerto 8080
[2023-04-19T19:35:52.421] [INFO] default - Servidor en modo fork corriendo en el proceso 16900 en puerto 8080
[2023-04-19T19:36:51.893] [INFO] default - Servidor en modo fork corriendo en el proceso 5424 en puerto 8080
[2023-04-19T19:37:27.386] [INFO] default - Servidor en modo fork corriendo en el proceso 4068 en puerto 8080
[2023-04-19T19:38:37.511] [INFO] default - Servidor en modo fork corriendo en el proceso 7936 en puerto 8080
[2023-04-19T19:39:24.719] [INFO] default - Servidor en modo fork corriendo en el proceso 1560 en puerto 8080
[2023-04-19T19:39:38.398] [INFO] default - Servidor en modo fork corriendo en el proceso 16132 en puerto 8080
[2023-04-19T19:48:11.813] [INFO] default - Servidor en modo fork corriendo en el proceso 16048 en puerto 8080
[2023-04-19T19:50:52.180] [INFO] default - Servidor en modo fork corriendo en el proceso 9240 en puerto 8080
[2023-04-19T19:51:34.385] [INFO] default - Servidor en modo fork corriendo en el proceso 13020 en puerto 8080
[2023-04-19T19:52:08.435] [INFO] default - MongoAtlasDB Connected
[2023-04-19T19:52:18.454] [ERROR] default - Error: MongooseError: Operation `users.find()` buffering timed out after 10000ms
[2023-04-19T19:52:18.458] [INFO] default - (User authentication failed for santiago)
[2023-04-19T19:55:39.279] [INFO] default - Servidor en modo fork corriendo en el proceso 18036 en puerto 8080
[2023-04-19T19:55:56.431] [INFO] default - Servidor en modo fork corriendo en el proceso 6504 en puerto 8080
[2023-04-19T19:56:14.530] [INFO] default - Servidor en modo fork corriendo en el proceso 8876 en puerto 8080
[2023-04-19T19:56:28.890] [INFO] default - MongoAtlasDB Connected
[2023-04-19T19:56:28.893] [ERROR] default - Error: TypeError: Cannot read properties of undefined (reading 'getUser')
[2023-04-19T19:56:28.895] [INFO] default - (User authentication failed for santiago)
[2023-04-19T19:57:16.563] [INFO] default - Servidor en modo fork corriendo en el proceso 17072 en puerto 8080
[2023-04-19T19:57:30.555] [INFO] default - MongoAtlasDB Connected
[2023-04-19T19:57:30.555] [ERROR] default - Error: TypeError: Cannot read properties of undefined (reading 'getArray')
[2023-04-19T19:57:30.556] [INFO] default - (User authentication failed for santiago)
[2023-04-19T19:58:03.020] [INFO] default - Servidor en modo fork corriendo en el proceso 12604 en puerto 8080
[2023-04-19T19:58:36.643] [INFO] default - MongoAtlasDB Connected
[2023-04-19T19:58:36.644] [ERROR] default - Error: TypeError: Cannot read properties of undefined (reading 'findOne')
[2023-04-19T19:58:36.646] [INFO] default - (User authentication failed for santiago)
[2023-04-19T19:58:54.617] [INFO] default - Servidor en modo fork corriendo en el proceso 16388 en puerto 8080
[2023-04-19T19:59:14.435] [INFO] default - MongoAtlasDB Connected
[2023-04-19T19:59:14.436] [ERROR] default - Error: TypeError: Cannot read properties of undefined (reading 'map')
[2023-04-19T19:59:14.437] [INFO] default - (User authentication failed for santiago)
[2023-04-19T19:59:56.547] [INFO] default - Servidor en modo fork corriendo en el proceso 15736 en puerto 8080
[2023-04-19T20:00:20.213] [INFO] default - MongoAtlasDB Connected
[2023-04-19T20:00:30.221] [ERROR] default - Error: MongooseError: Operation `users.find()` buffering timed out after 10000ms
[2023-04-19T20:00:30.226] [INFO] default - (User authentication failed for santiago)
[2023-04-19T20:01:11.665] [INFO] default - Servidor en modo fork corriendo en el proceso 14032 en puerto 8080
[2023-04-19T20:01:32.992] [INFO] default - MongoAtlasDB Connected
[2023-04-19T20:01:43.001] [ERROR] default - Error: MongooseError: Operation `users.find()` buffering timed out after 10000ms
[2023-04-19T20:01:43.004] [INFO] default - (User authentication failed for santiago)
[2023-04-19T20:02:27.143] [INFO] default - Servidor en modo fork corriendo en el proceso 4460 en puerto 8080
[2023-04-19T20:02:34.943] [INFO] default - MongoAtlasDB Connected
[2023-04-19T20:02:34.951] [ERROR] default - Error: ObjectParameterError: Parameter "filter" to find() must be an object, got santiago
[2023-04-19T20:02:34.953] [INFO] default - (User authentication failed for santiago)
[2023-04-19T20:04:15.268] [INFO] default - Servidor en modo fork corriendo en el proceso 17072 en puerto 8080
[2023-04-19T20:04:27.764] [INFO] default - MongoAtlasDB Connected
[2023-04-19T20:04:37.771] [ERROR] default - Error: MongooseError: Operation `users.find()` buffering timed out after 10000ms
[2023-04-19T20:04:37.773] [INFO] default - (User authentication failed for santiago)
[2023-04-19T20:06:39.785] [INFO] default - Servidor en modo fork corriendo en el proceso 17112 en puerto 8080
[2023-04-19T20:06:53.384] [INFO] default - MongoAtlasDB Connected
[2023-04-19T20:07:03.395] [ERROR] default - Error: MongooseError: Operation `users.find()` buffering timed out after 10000ms
[2023-04-19T20:07:03.403] [INFO] default - (User authentication failed for santiago)
[2023-04-19T20:58:29.951] [INFO] default - Servidor en modo fork corriendo en el proceso 7304 en puerto 8080
[2023-04-19T21:00:20.604] [INFO] default - Servidor en modo fork corriendo en el proceso 5744 en puerto 8080
[2023-04-19T21:00:59.630] [INFO] default - Servidor en modo fork corriendo en el proceso 16684 en puerto 8080
[2023-04-19T21:01:24.929] [INFO] default - Servidor en modo fork corriendo en el proceso 17728 en puerto 8080
[2023-04-19T21:02:08.562] [INFO] default - Servidor en modo fork corriendo en el proceso 4292 en puerto 8080
[2023-04-19T21:03:06.221] [INFO] default - Servidor en modo fork corriendo en el proceso 17480 en puerto 8080
[2023-04-20T10:11:23.438] [INFO] default - Servidor en modo fork corriendo en el proceso 18032 en puerto 8080
[2023-04-20T10:21:13.231] [INFO] default - Servidor en modo fork corriendo en el proceso 19572 en puerto 8080
[2023-04-20T10:22:24.488] [INFO] default - Servidor en modo fork corriendo en el proceso 18452 en puerto 8080
[2023-04-20T10:49:03.464] [INFO] default - Servidor en modo fork corriendo en el proceso 10708 en puerto 8080
[2023-04-20T10:50:12.149] [INFO] default - Servidor en modo fork corriendo en el proceso 13440 en puerto 8080
[2023-04-20T10:54:06.888] [INFO] default - Servidor en modo fork corriendo en el proceso 18492 en puerto 8080
[2023-04-20T10:55:44.068] [INFO] default - Servidor en modo fork corriendo en el proceso 8520 en puerto 8080
[2023-04-20T10:56:18.301] [INFO] default - Servidor en modo fork corriendo en el proceso 9144 en puerto 8080
[2023-04-20T10:58:26.230] [INFO] default - Servidor en modo fork corriendo en el proceso 17628 en puerto 8080
[2023-04-20T11:01:47.731] [INFO] default - Servidor en modo fork corriendo en el proceso 2388 en puerto 8080
[2023-04-20T11:02:52.140] [INFO] default - Servidor en modo fork corriendo en el proceso 14644 en puerto 8080
[2023-04-20T11:03:48.237] [INFO] default - Servidor en modo fork corriendo en el proceso 19652 en puerto 8080
[2023-04-20T11:09:55.633] [INFO] default - Servidor en modo fork corriendo en el proceso 5032 en puerto 8080
[2023-04-20T11:12:25.788] [INFO] default - Servidor en modo fork corriendo en el proceso 17892 en puerto 8080
[2023-04-20T11:12:55.565] [INFO] default - Servidor en modo fork corriendo en el proceso 14432 en puerto 8080
[2023-04-20T11:13:49.160] [INFO] default - Servidor en modo fork corriendo en el proceso 15004 en puerto 8080
[2023-04-20T11:36:18.448] [INFO] default - Servidor en modo fork corriendo en el proceso 17736 en puerto 8080
[2023-04-20T11:37:11.952] [INFO] default - Servidor en modo fork corriendo en el proceso 16388 en puerto 8080
[2023-04-20T11:37:45.369] [INFO] default - Servidor en modo fork corriendo en el proceso 19004 en puerto 8080
[2023-04-20T11:38:28.606] [INFO] default - Servidor en modo fork corriendo en el proceso 12360 en puerto 8080
[2023-04-20T11:39:06.958] [INFO] default - Servidor en modo fork corriendo en el proceso 14964 en puerto 8080
[2023-04-20T11:39:42.025] [INFO] default - Servidor en modo fork corriendo en el proceso 8852 en puerto 8080
[2023-04-20T11:44:00.112] [INFO] default - Servidor en modo fork corriendo en el proceso 9268 en puerto 8080
