[2023-03-19T15:37:38.766] [ERROR] default - ocurrio un error:  Error: listen EADDRINUSE: address already in use :::8080
    at Server.setupListenHandle [as _listen2] (node:net:1372:16)
    at listenInCluster (node:net:1420:12)
    at Server.listen (node:net:1508:7)
    at Object.<anonymous> (C:\Users\Santi\Dropbox\Mi PC (DESKTOP-FUL7H7I)\Documents\Personal\Coder-house\backend\desafios\desafiosEntregables\desafioEntregableQuince\main.js:141:14)
    at Module._compile (node:internal/modules/cjs/loader:1105:14)
    at Object.Module._extensions..js (node:internal/modules/cjs/loader:1159:10)
    at Module.load (node:internal/modules/cjs/loader:981:32)
    at Function.Module._load (node:internal/modules/cjs/loader:822:12)
    at Function.executeUserEntryPoint [as runMain] (node:internal/modules/run_main:77:12)
    at node:internal/main/run_main_module:17:47 {
  code: 'EADDRINUSE',
  errno: -4091,
  syscall: 'listen',
  address: '::',
  port: 8080
}
[2023-04-15T11:33:27.592] [ERROR] default - ocurrio un error:  Error: listen EACCES: permission denied main.js
    at Server.setupListenHandle [as _listen2] (node:net:1355:21)
    at listenInCluster (node:net:1420:12)
    at Server.listen (node:net:1519:5)
    at Object.<anonymous> (C:\Users\Santi\Dropbox\Mi PC (DESKTOP-FUL7H7I)\Documents\Personal\Coder-house\backend\desafios\desafiosEntregables2\desafioEntregableDieciseis\main.js:108:14)
    at Module._compile (node:internal/modules/cjs/loader:1105:14)
    at Object.Module._extensions..js (node:internal/modules/cjs/loader:1159:10)
    at Module.load (node:internal/modules/cjs/loader:981:32)
    at Function.Module._load (node:internal/modules/cjs/loader:822:12)
    at Function.executeUserEntryPoint [as runMain] (node:internal/modules/run_main:77:12)
    at node:internal/main/run_main_module:17:47 {
  code: 'EACCES',
  errno: -4092,
  syscall: 'listen',
  address: 'main.js',
  port: -1
}
[2023-04-17T18:43:07.057] [ERROR] default - Error: Error: Cannot init client. Please provide correct options
[2023-04-17T18:48:18.070] [ERROR] default - Error: Error: Cannot init client. Please provide correct options
[2023-04-17T18:52:53.921] [ERROR] default - Error: Error: Cannot init client. Please provide correct options
[2023-04-17T18:58:17.989] [ERROR] default - Error: Error: Cannot init client. Please provide correct options
[2023-04-17T19:03:14.602] [ERROR] default - Error: Error: Cannot init client. Please provide correct options
[2023-04-17T19:04:02.108] [ERROR] default - Error: Error: Cannot init client. Please provide correct options
[2023-04-17T19:06:01.847] [ERROR] default - Error: Error: Cannot init client. Please provide correct options
[2023-04-17T19:10:51.708] [ERROR] default - Error: Error: Cannot init client. Please provide correct options
[2023-04-17T20:01:13.027] [ERROR] default - Error: MongooseError: Operation `products.find()` buffering timed out after 10000ms
[2023-04-17T20:03:59.759] [ERROR] default - Error: MongooseError: Operation `products.find()` buffering timed out after 10000ms
[2023-04-17T20:05:11.655] [ERROR] default - Error: CastError: Cast to ObjectId failed for value "session" (type string) at path "_id" for model "Product"
[2023-04-17T20:12:42.074] [ERROR] default - Error: CastError: Cast to ObjectId failed for value "productos-test" (type string) at path "_id" for model "Product"
[2023-04-19T19:52:18.454] [ERROR] default - Error: MongooseError: Operation `users.find()` buffering timed out after 10000ms
[2023-04-19T19:56:28.893] [ERROR] default - Error: TypeError: Cannot read properties of undefined (reading 'getUser')
[2023-04-19T19:57:30.555] [ERROR] default - Error: TypeError: Cannot read properties of undefined (reading 'getArray')
[2023-04-19T19:58:36.644] [ERROR] default - Error: TypeError: Cannot read properties of undefined (reading 'findOne')
[2023-04-19T19:59:14.436] [ERROR] default - Error: TypeError: Cannot read properties of undefined (reading 'map')
[2023-04-19T20:00:30.221] [ERROR] default - Error: MongooseError: Operation `users.find()` buffering timed out after 10000ms
[2023-04-19T20:01:43.001] [ERROR] default - Error: MongooseError: Operation `users.find()` buffering timed out after 10000ms
[2023-04-19T20:02:34.951] [ERROR] default - Error: ObjectParameterError: Parameter "filter" to find() must be an object, got santiago
[2023-04-19T20:04:37.771] [ERROR] default - Error: MongooseError: Operation `users.find()` buffering timed out after 10000ms
[2023-04-19T20:07:03.395] [ERROR] default - Error: MongooseError: Operation `users.find()` buffering timed out after 10000ms
[2023-04-20T18:09:42.789] [ERROR] default - error al agregar usuario: Error: data and salt arguments required
[2023-04-20T18:20:46.878] [ERROR] default - Error: MongooseError: Operation `users.find()` buffering timed out after 10000ms
[2023-04-20T18:23:24.103] [ERROR] default - Error: MongooseError: Operation `users.find()` buffering timed out after 10000ms
[2023-04-20T18:24:30.690] [ERROR] default - Error: MongooseError: Operation `users.find()` buffering timed out after 10000ms
[2023-04-20T18:25:58.554] [ERROR] default - Error: MongooseError: Operation `users.find()` buffering timed out after 10000ms
[2023-04-20T18:28:03.845] [ERROR] default - Error: MongooseError: Operation `users.find()` buffering timed out after 10000ms
[2023-04-20T18:29:33.422] [ERROR] default - Error: MongooseError: Operation `users.find()` buffering timed out after 10000ms
[2023-04-20T18:29:43.544] [ERROR] default - Error: MongooseError: Operation `users.find()` buffering timed out after 10000ms
[2023-04-20T18:46:43.694] [ERROR] default - Error: MongooseError: Operation `users.find()` buffering timed out after 10000ms
[2023-04-20T18:46:53.837] [ERROR] default - Error: MongooseError: Operation `users.find()` buffering timed out after 10000ms
[2023-04-21T09:31:53.058] [ERROR] default - Error: MongooseError: Operation `users.find()` buffering timed out after 10000ms
[2023-04-21T09:32:03.177] [ERROR] default - Error: MongooseError: Operation `users.find()` buffering timed out after 10000ms
[2023-04-21T09:34:43.831] [ERROR] default - Error: MongooseError: Operation `users.find()` buffering timed out after 10000ms
[2023-04-21T09:44:36.753] [ERROR] default - Error: MongooseError: Operation `users.find()` buffering timed out after 10000ms
[2023-04-21T09:44:46.966] [ERROR] default - Error: MongooseError: Operation `users.find()` buffering timed out after 10000ms
[2023-04-21T10:03:50.045] [ERROR] default - Error: MongooseError: Operation `users.find()` buffering timed out after 10000ms
[2023-04-21T10:04:00.227] [ERROR] default - Error: MongooseError: Operation `users.find()` buffering timed out after 10000ms
[2023-04-22T19:14:16.354] [WARN] default - No hay usuario logeado
[2023-04-22T19:17:57.211] [WARN] default - No hay usuario logeado
[2023-04-22T19:18:40.550] [WARN] default - No hay usuario logeado
[2023-04-22T19:22:03.186] [WARN] default - No hay usuario logeado
[2023-04-22T19:22:13.410] [ERROR] default - Error: MongooseError: Operation `users.find()` buffering timed out after 10000ms
[2023-04-22T19:22:57.464] [WARN] default - No hay usuario logeado
[2023-04-22T19:23:37.011] [WARN] default - No hay usuario logeado
[2023-04-22T19:24:04.209] [WARN] default - No hay usuario logeado
[2023-04-22T19:24:59.269] [WARN] default - No hay usuario logeado
[2023-04-22T19:29:25.355] [WARN] default - No hay usuario logeado
[2023-04-22T19:30:51.331] [WARN] default - No hay usuario logeado
[2023-04-22T19:31:20.500] [WARN] default - No hay usuario logeado
[2023-04-22T19:31:41.428] [WARN] default - No hay usuario logeado
[2023-04-22T19:32:09.304] [WARN] default - No hay usuario logeado
[2023-04-22T19:32:33.884] [WARN] default - No hay usuario logeado
[2023-04-25T10:35:51.369] [ERROR] default - error al agregar usuario: ValidationError: name: Path `name` is required., email: Path `email` is required., age: Path `age` is required., address: Path `address` is required., avatar: Path `avatar` is required.
[2023-04-25T10:40:01.885] [ERROR] default - error al agregar usuario: ValidationError: name: Path `name` is required., email: Path `email` is required., age: Path `age` is required., address: Path `address` is required., avatar: Path `avatar` is required.
[2023-04-25T10:45:29.686] [ERROR] default - error al agregar usuario: ValidationError: name: Path `name` is required., email: Path `email` is required., age: Path `age` is required., address: Path `address` is required., avatar: Path `avatar` is required.
[2023-04-25T11:15:52.334] [ERROR] default - error al agregar usuario: Error: data and salt arguments required
[2023-04-25T11:17:20.139] [ERROR] default - error al agregar usuario: Error: data and salt arguments required
[2023-04-25T11:47:21.162] [ERROR] default - error al agregar usuario: ValidationError: name: Path `name` is required., email: Path `email` is required., age: Path `age` is required., address: Path `address` is required., avatar: Path `avatar` is required.
[2023-04-25T11:48:43.089] [ERROR] default - error al agregar usuario: ValidationError: name: Path `name` is required., email: Path `email` is required., age: Path `age` is required., address: Path `address` is required., avatar: Path `avatar` is required.
[2023-04-25T11:51:40.817] [ERROR] default - error al agregar usuario: ValidationError: name: Path `name` is required., email: Path `email` is required., age: Path `age` is required., address: Path `address` is required., avatar: Path `avatar` is required.
[2023-04-25T11:53:20.246] [ERROR] default - error al agregar usuario: ValidationError: name: Path `name` is required., email: Path `email` is required., age: Path `age` is required., address: Path `address` is required., avatar: Path `avatar` is required.
[2023-04-25T11:53:20.375] [ERROR] default - Error: CastError: Cast to string failed for value "{ username: 'hola', password: 'password' }" (type Object) at path "username" for model "User"
[2023-04-25T11:54:35.088] [ERROR] default - error al agregar usuario: ValidationError: name: Path `name` is required., email: Path `email` is required., age: Path `age` is required., address: Path `address` is required., avatar: Path `avatar` is required.
[2023-04-25T11:54:35.218] [ERROR] default - Error: CastError: Cast to string failed for value "{ username: 'hola', password: 'password' }" (type Object) at path "username" for model "User"
[2023-04-25T12:01:41.036] [ERROR] default - error al agregar usuario: ValidationError: name: Path `name` is required., age: Path `age` is required., address: Path `address` is required., avatar: Path `avatar` is required.
[2023-04-25T12:04:00.253] [ERROR] default - error al agregar usuario: ValidationError: name: Path `name` is required., age: Path `age` is required., address: Path `address` is required., avatar: Path `avatar` is required.
[2023-04-25T12:05:01.658] [ERROR] default - error al agregar usuario: ValidationError: name: Path `name` is required., age: Path `age` is required., address: Path `address` is required., avatar: Path `avatar` is required.
[2023-04-25T12:24:02.701] [ERROR] default - error al agregar usuario: ValidationError: name: Path `name` is required., age: Path `age` is required., address: Path `address` is required., avatar: Path `avatar` is required.
[2023-04-25T16:17:23.700] [ERROR] default - error al agregar usuario: ValidationError: name: Path `name` is required., age: Path `age` is required., address: Path `address` is required., avatar: Path `avatar` is required.
[2023-04-25T16:20:16.677] [ERROR] default - error al agregar usuario: ValidationError: name: Path `name` is required., age: Path `age` is required., address: Path `address` is required., avatar: Path `avatar` is required.
[2023-04-25T16:24:42.183] [ERROR] default - error al agregar usuario: ValidationError: name: Path `name` is required., age: Path `age` is required., address: Path `address` is required., avatar: Path `avatar` is required.
[2023-04-25T16:26:39.119] [ERROR] default - error al agregar usuario: ValidationError: name: Path `name` is required., age: Path `age` is required., address: Path `address` is required., avatar: Path `avatar` is required.
[2023-04-25T16:30:12.744] [ERROR] default - error al agregar usuario: ValidationError: name: Path `name` is required., age: Path `age` is required., address: Path `address` is required., avatar: Path `avatar` is required.
[2023-04-25T16:31:43.671] [ERROR] default - Error: CastError: Cast to string failed for value "Container { schema: Model { User } }" (type Container) at path "username" for model "User"
[2023-04-25T16:34:59.906] [ERROR] default - Error: CastError: Cast to string failed for value "Container { schema: Model { User } }" (type Container) at path "username" for model "User"
[2023-04-25T16:37:21.175] [ERROR] default - Error: CastError: Cast to string failed for value "Container { schema: Model { User } }" (type Container) at path "username" for model "User"
[2023-04-25T16:38:24.494] [ERROR] default - Error: CastError: Cast to string failed for value "Container { schema: Model { User } }" (type Container) at path "username" for model "User"
[2023-04-25T16:42:12.354] [ERROR] default - error al agregar usuario: ValidationError: name: Path `name` is required., age: Path `age` is required., address: Path `address` is required., avatar: Path `avatar` is required.
[2023-04-25T16:42:12.368] [ERROR] default - Error: CastError: Cast to string failed for value "{ schema: Model { User }, newUser: undefined }" (type Object) at path "username" for model "User"
[2023-04-25T16:50:19.903] [ERROR] default - Error: CastError: Cast to string failed for value "{ username: 'test', password: '123456', email: 'test123456@mail.com' }" (type Object) at path "username" for model "User"
[2023-04-25T16:50:19.906] [ERROR] default - error al agregar usuario: Error: data and salt arguments required
